2024-04-03  2:13:40 0 [Note] Starting MariaDB 10.4.32-MariaDB source revision c4143f909528e3fab0677a28631d10389354c491 as process 4428
2024-04-03  2:13:40 0 [Note] InnoDB: Mutexes and rw_locks use Windows interlocked functions
2024-04-03  2:13:40 0 [Note] InnoDB: Uses event mutexes
2024-04-03  2:13:40 0 [Note] InnoDB: Compressed tables use zlib 1.3
2024-04-03  2:13:40 0 [Note] InnoDB: Number of pools: 1
2024-04-03  2:13:40 0 [Note] InnoDB: Using SSE2 crc32 instructions
2024-04-03  2:13:40 0 [Note] InnoDB: Initializing buffer pool, total size = 16M, instances = 1, chunk size = 16M
2024-04-03  2:13:40 0 [Note] InnoDB: Completed initialization of buffer pool
2024-04-03  2:13:40 0 [Note] InnoDB: Starting crash recovery from checkpoint LSN=300288
2024-04-03  2:13:40 0 [Note] InnoDB: 128 out of 128 rollback segments are active.
2024-04-03  2:13:40 0 [Note] InnoDB: Removed temporary tablespace data file: "ibtmp1"
2024-04-03  2:13:40 0 [Note] InnoDB: Creating shared tablespace for temporary tables
2024-04-03  2:13:40 0 [Note] InnoDB: Setting file 'C:\Users\TMY\Desktop\sqlplayground\mysql\data\ibtmp1' size to 12 MB. Physically writing the file full; Please wait ...
2024-04-03  2:13:40 0 [Note] InnoDB: File 'C:\Users\TMY\Desktop\sqlplayground\mysql\data\ibtmp1' size is now 12 MB.
2024-04-03  2:13:40 0 [Note] InnoDB: Waiting for purge to start
2024-04-03  2:13:40 0 [Note] InnoDB: 10.4.32 started; log sequence number 300297; transaction id 170
2024-04-03  2:13:40 0 [Note] InnoDB: Loading buffer pool(s) from C:\Users\TMY\Desktop\sqlplayground\mysql\data\ib_buffer_pool
2024-04-03  2:13:40 0 [Note] Plugin 'FEEDBACK' is disabled.
2024-04-03  2:13:40 0 [Note] InnoDB: Buffer pool(s) load completed at 240403  2:13:40
2024-04-03  2:13:40 0 [Note] Server socket created on IP: '::'.
2024-04-03  8:20:34 0 [Note] Starting MariaDB 10.4.32-MariaDB source revision c4143f909528e3fab0677a28631d10389354c491 as process 15496
2024-04-03  8:20:34 0 [Note] mysqld.exe: Aria engine: starting recovery
recovered pages: 0% 10% 21% 32% 45% 55% 66% 76% 88% 98% 100% (0.0 seconds); tables to flush: 2 1 0
 (0.0 seconds); 
2024-04-03  8:20:34 0 [Note] mysqld.exe: Aria engine: recovery done
2024-04-03  8:20:34 0 [Note] InnoDB: Mutexes and rw_locks use Windows interlocked functions
2024-04-03  8:20:34 0 [Note] InnoDB: Uses event mutexes
2024-04-03  8:20:34 0 [Note] InnoDB: Compressed tables use zlib 1.3
2024-04-03  8:20:34 0 [Note] InnoDB: Number of pools: 1
2024-04-03  8:20:34 0 [Note] InnoDB: Using SSE2 crc32 instructions
2024-04-03  8:20:34 0 [Note] InnoDB: Initializing buffer pool, total size = 16M, instances = 1, chunk size = 16M
2024-04-03  8:20:34 0 [Note] InnoDB: Completed initialization of buffer pool
2024-04-03  8:20:34 0 [Note] InnoDB: Starting crash recovery from checkpoint LSN=346670
2024-04-03  8:20:35 0 [Note] InnoDB: 128 out of 128 rollback segments are active.
2024-04-03  8:20:35 0 [Note] InnoDB: Removed temporary tablespace data file: "ibtmp1"
2024-04-03  8:20:35 0 [Note] InnoDB: Creating shared tablespace for temporary tables
2024-04-03  8:20:35 0 [Note] InnoDB: Setting file 'C:\Users\TMY\Desktop\sqlplayground\mysql\data\ibtmp1' size to 12 MB. Physically writing the file full; Please wait ...
2024-04-03  8:20:35 0 [Note] InnoDB: File 'C:\Users\TMY\Desktop\sqlplayground\mysql\data\ibtmp1' size is now 12 MB.
2024-04-03  8:20:35 0 [Note] InnoDB: Waiting for purge to start
2024-04-03  8:20:35 0 [Note] InnoDB: 10.4.32 started; log sequence number 346679; transaction id 322
2024-04-03  8:20:35 0 [Note] InnoDB: Loading buffer pool(s) from C:\Users\TMY\Desktop\sqlplayground\mysql\data\ib_buffer_pool
2024-04-03  8:20:35 0 [Note] Plugin 'FEEDBACK' is disabled.
2024-04-03  8:20:35 0 [Note] Server socket created on IP: '::'.
2024-04-03 13:00:13 0 [Note] Starting MariaDB 10.4.32-MariaDB source revision c4143f909528e3fab0677a28631d10389354c491 as process 4104
2024-04-03 13:00:13 0 [Note] mysqld.exe: Aria engine: starting recovery
recovered pages: 0% 21% 31% 41% 53% 67% 83% 95% 100% (0.0 seconds); tables to flush: 2 1 0
 (0.0 seconds); 
2024-04-03 13:00:14 0 [Note] mysqld.exe: Aria engine: recovery done
2024-04-03 13:00:14 0 [Note] InnoDB: Mutexes and rw_locks use Windows interlocked functions
2024-04-03 13:00:14 0 [Note] InnoDB: Uses event mutexes
2024-04-03 13:00:14 0 [Note] InnoDB: Compressed tables use zlib 1.3
2024-04-03 13:00:14 0 [Note] InnoDB: Number of pools: 1
2024-04-03 13:00:14 0 [Note] InnoDB: Using SSE2 crc32 instructions
2024-04-03 13:00:14 0 [Note] InnoDB: Initializing buffer pool, total size = 16M, instances = 1, chunk size = 16M
2024-04-03 13:00:14 0 [Note] InnoDB: Completed initialization of buffer pool
2024-04-03 13:00:14 0 [Note] InnoDB: Starting crash recovery from checkpoint LSN=361197
2024-04-03 13:00:14 0 [Note] InnoDB: 128 out of 128 rollback segments are active.
2024-04-03 13:00:14 0 [Note] InnoDB: Removed temporary tablespace data file: "ibtmp1"
2024-04-03 13:00:14 0 [Note] InnoDB: Creating shared tablespace for temporary tables
2024-04-03 13:00:14 0 [Note] InnoDB: Setting file 'C:\Users\TMY\Desktop\sqlplayground\mysql\data\ibtmp1' size to 12 MB. Physically writing the file full; Please wait ...
2024-04-03 13:00:14 0 [Note] InnoDB: File 'C:\Users\TMY\Desktop\sqlplayground\mysql\data\ibtmp1' size is now 12 MB.
2024-04-03 13:00:14 0 [Note] InnoDB: Waiting for purge to start
2024-04-03 13:00:14 0 [Note] InnoDB: 10.4.32 started; log sequence number 361206; transaction id 406
2024-04-03 13:00:14 0 [Note] InnoDB: Loading buffer pool(s) from C:\Users\TMY\Desktop\sqlplayground\mysql\data\ib_buffer_pool
2024-04-03 13:00:14 0 [Note] Plugin 'FEEDBACK' is disabled.
2024-04-03 13:00:14 0 [Note] InnoDB: Buffer pool(s) load completed at 240403 13:00:14
2024-04-03 13:00:14 0 [Note] Server socket created on IP: '::'.
2024-04-03 15:21:29 0 [Note] Starting MariaDB 10.4.32-MariaDB source revision c4143f909528e3fab0677a28631d10389354c491 as process 1016
2024-04-03 15:21:29 0 [Note] InnoDB: Mutexes and rw_locks use Windows interlocked functions
2024-04-03 15:21:29 0 [Note] InnoDB: Uses event mutexes
2024-04-03 15:21:29 0 [Note] InnoDB: Compressed tables use zlib 1.3
2024-04-03 15:21:29 0 [Note] InnoDB: Number of pools: 1
2024-04-03 15:21:29 0 [Note] InnoDB: Using SSE2 crc32 instructions
2024-04-03 15:21:29 0 [Note] InnoDB: Initializing buffer pool, total size = 16M, instances = 1, chunk size = 16M
2024-04-03 15:21:29 0 [Note] InnoDB: Completed initialization of buffer pool
2024-04-03 15:21:29 0 [Note] InnoDB: Starting crash recovery from checkpoint LSN=361215
2024-04-03 15:21:30 0 [Note] InnoDB: 128 out of 128 rollback segments are active.
2024-04-03 15:21:30 0 [Note] InnoDB: Removed temporary tablespace data file: "ibtmp1"
2024-04-03 15:21:30 0 [Note] InnoDB: Creating shared tablespace for temporary tables
2024-04-03 15:21:30 0 [Note] InnoDB: Setting file 'C:\Users\TMY\Desktop\sqlplayground\mysql\data\ibtmp1' size to 12 MB. Physically writing the file full; Please wait ...
2024-04-03 15:21:30 0 [Note] InnoDB: File 'C:\Users\TMY\Desktop\sqlplayground\mysql\data\ibtmp1' size is now 12 MB.
2024-04-03 15:21:30 0 [Note] InnoDB: Waiting for purge to start
2024-04-03 15:21:30 0 [Note] InnoDB: 10.4.32 started; log sequence number 361224; transaction id 406
2024-04-03 15:21:30 0 [Note] InnoDB: Loading buffer pool(s) from C:\Users\TMY\Desktop\sqlplayground\mysql\data\ib_buffer_pool
2024-04-03 15:21:30 0 [Note] Plugin 'FEEDBACK' is disabled.
2024-04-03 15:21:30 0 [Note] InnoDB: Buffer pool(s) load completed at 240403 15:21:30
2024-04-03 15:21:30 0 [Note] Server socket created on IP: '::'.
2024-04-03 15:46:05 0 [Note] Starting MariaDB 10.4.32-MariaDB source revision c4143f909528e3fab0677a28631d10389354c491 as process 1804
2024-04-03 15:46:05 0 [Note] InnoDB: Mutexes and rw_locks use Windows interlocked functions
2024-04-03 15:46:05 0 [Note] InnoDB: Uses event mutexes
2024-04-03 15:46:05 0 [Note] InnoDB: Compressed tables use zlib 1.3
2024-04-03 15:46:05 0 [Note] InnoDB: Number of pools: 1
2024-04-03 15:46:05 0 [Note] InnoDB: Using SSE2 crc32 instructions
2024-04-03 15:46:05 0 [Note] InnoDB: Initializing buffer pool, total size = 16M, instances = 1, chunk size = 16M
2024-04-03 15:46:05 0 [Note] InnoDB: Completed initialization of buffer pool
2024-04-03 15:46:05 0 [Note] InnoDB: Starting crash recovery from checkpoint LSN=362228
2024-04-03 15:46:05 0 [Note] InnoDB: 128 out of 128 rollback segments are active.
2024-04-03 15:46:05 0 [Note] InnoDB: Removed temporary tablespace data file: "ibtmp1"
2024-04-03 15:46:05 0 [Note] InnoDB: Creating shared tablespace for temporary tables
2024-04-03 15:46:05 0 [Note] InnoDB: Setting file 'C:\Users\TMY\Desktop\sqlplayground\mysql\data\ibtmp1' size to 12 MB. Physically writing the file full; Please wait ...
2024-04-03 15:46:05 0 [Note] InnoDB: File 'C:\Users\TMY\Desktop\sqlplayground\mysql\data\ibtmp1' size is now 12 MB.
2024-04-03 15:46:05 0 [Note] InnoDB: Waiting for purge to start
2024-04-03 15:46:05 0 [Note] InnoDB: 10.4.32 started; log sequence number 362237; transaction id 432
2024-04-03 15:46:05 0 [Note] InnoDB: Loading buffer pool(s) from C:\Users\TMY\Desktop\sqlplayground\mysql\data\ib_buffer_pool
2024-04-03 15:46:05 0 [Note] Plugin 'FEEDBACK' is disabled.
2024-04-03 15:46:05 0 [Note] Server socket created on IP: '::'.
2024-04-08 11:21:20 0 [Note] Starting MariaDB 10.4.32-MariaDB source revision c4143f909528e3fab0677a28631d10389354c491 as process 17860
2024-04-08 11:21:20 0 [Note] InnoDB: Mutexes and rw_locks use Windows interlocked functions
2024-04-08 11:21:20 0 [Note] InnoDB: Uses event mutexes
2024-04-08 11:21:20 0 [Note] InnoDB: Compressed tables use zlib 1.3
2024-04-08 11:21:20 0 [Note] InnoDB: Number of pools: 1
2024-04-08 11:21:20 0 [Note] InnoDB: Using SSE2 crc32 instructions
2024-04-08 11:21:20 0 [Note] InnoDB: Initializing buffer pool, total size = 16M, instances = 1, chunk size = 16M
2024-04-08 11:21:20 0 [Note] InnoDB: Completed initialization of buffer pool
2024-04-08 11:21:20 0 [Note] InnoDB: Starting crash recovery from checkpoint LSN=362246
2024-04-08 11:21:20 0 [Note] InnoDB: 128 out of 128 rollback segments are active.
2024-04-08 11:21:20 0 [Note] InnoDB: Removed temporary tablespace data file: "ibtmp1"
2024-04-08 11:21:20 0 [Note] InnoDB: Creating shared tablespace for temporary tables
2024-04-08 11:21:20 0 [Note] InnoDB: Setting file 'C:\Users\TMY\Desktop\sqlplayground\mysql\data\ibtmp1' size to 12 MB. Physically writing the file full; Please wait ...
2024-04-08 11:21:20 0 [Note] InnoDB: File 'C:\Users\TMY\Desktop\sqlplayground\mysql\data\ibtmp1' size is now 12 MB.
2024-04-08 11:21:20 0 [Note] InnoDB: Waiting for purge to start
2024-04-08 11:21:20 0 [Note] InnoDB: 10.4.32 started; log sequence number 362255; transaction id 432
2024-04-08 11:21:20 0 [Note] InnoDB: Loading buffer pool(s) from C:\Users\TMY\Desktop\sqlplayground\mysql\data\ib_buffer_pool
2024-04-08 11:21:20 0 [Note] Plugin 'FEEDBACK' is disabled.
2024-04-08 11:21:21 0 [Note] InnoDB: Buffer pool(s) load completed at 240408 11:21:21
2024-04-08 11:21:21 0 [Note] Server socket created on IP: '::'.
2024-04-08 12:20:34 0 [Note] Starting MariaDB 10.4.32-MariaDB source revision c4143f909528e3fab0677a28631d10389354c491 as process 15296
2024-04-08 12:20:34 0 [Note] mysqld.exe: Aria engine: starting recovery
recovered pages: 0% 11% 30% 41% 61% 80% 91% 100% (0.0 seconds); tables to flush: 2 1 0
 (0.0 seconds); 
2024-04-08 12:20:34 0 [Note] mysqld.exe: Aria engine: recovery done
2024-04-08 12:20:34 0 [Note] InnoDB: Mutexes and rw_locks use Windows interlocked functions
2024-04-08 12:20:34 0 [Note] InnoDB: Uses event mutexes
2024-04-08 12:20:34 0 [Note] InnoDB: Compressed tables use zlib 1.3
2024-04-08 12:20:34 0 [Note] InnoDB: Number of pools: 1
2024-04-08 12:20:34 0 [Note] InnoDB: Using SSE2 crc32 instructions
2024-04-08 12:20:34 0 [Note] InnoDB: Initializing buffer pool, total size = 16M, instances = 1, chunk size = 16M
2024-04-08 12:20:34 0 [Note] InnoDB: Completed initialization of buffer pool
2024-04-08 12:20:34 0 [Note] InnoDB: Starting crash recovery from checkpoint LSN=374962
2024-04-08 12:20:34 0 [Note] InnoDB: 128 out of 128 rollback segments are active.
2024-04-08 12:20:34 0 [Note] InnoDB: Removed temporary tablespace data file: "ibtmp1"
2024-04-08 12:20:34 0 [Note] InnoDB: Creating shared tablespace for temporary tables
2024-04-08 12:20:34 0 [Note] InnoDB: Setting file 'C:\Users\TMY\Desktop\sqlplayground\mysql\data\ibtmp1' size to 12 MB. Physically writing the file full; Please wait ...
2024-04-08 12:20:34 0 [Note] InnoDB: File 'C:\Users\TMY\Desktop\sqlplayground\mysql\data\ibtmp1' size is now 12 MB.
2024-04-08 12:20:34 0 [Note] InnoDB: Waiting for purge to start
2024-04-08 12:20:34 0 [Note] InnoDB: 10.4.32 started; log sequence number 374971; transaction id 500
2024-04-08 12:20:34 0 [Note] Plugin 'FEEDBACK' is disabled.
2024-04-08 12:20:34 0 [Note] InnoDB: Loading buffer pool(s) from C:\Users\TMY\Desktop\sqlplayground\mysql\data\ib_buffer_pool
2024-04-08 12:20:34 0 [Note] InnoDB: Buffer pool(s) load completed at 240408 12:20:34
2024-04-08 12:20:34 0 [Note] Server socket created on IP: '::'.
2024-04-08 12:27:12 0 [Note] Starting MariaDB 10.4.32-MariaDB source revision c4143f909528e3fab0677a28631d10389354c491 as process 12536
2024-04-08 12:27:12 0 [Note] InnoDB: Mutexes and rw_locks use Windows interlocked functions
2024-04-08 12:27:12 0 [Note] InnoDB: Uses event mutexes
2024-04-08 12:27:12 0 [Note] InnoDB: Compressed tables use zlib 1.3
2024-04-08 12:27:12 0 [Note] InnoDB: Number of pools: 1
2024-04-08 12:27:12 0 [Note] InnoDB: Using SSE2 crc32 instructions
2024-04-08 12:27:12 0 [Note] InnoDB: Initializing buffer pool, total size = 16M, instances = 1, chunk size = 16M
2024-04-08 12:27:12 0 [Note] InnoDB: Completed initialization of buffer pool
2024-04-08 12:27:12 0 [Note] InnoDB: Starting crash recovery from checkpoint LSN=374980
2024-04-08 12:27:12 0 [Note] InnoDB: 128 out of 128 rollback segments are active.
2024-04-08 12:27:12 0 [Note] InnoDB: Removed temporary tablespace data file: "ibtmp1"
2024-04-08 12:27:12 0 [Note] InnoDB: Creating shared tablespace for temporary tables
2024-04-08 12:27:12 0 [Note] InnoDB: Setting file 'C:\Users\TMY\Desktop\sqlplayground\mysql\data\ibtmp1' size to 12 MB. Physically writing the file full; Please wait ...
2024-04-08 12:27:12 0 [Note] InnoDB: File 'C:\Users\TMY\Desktop\sqlplayground\mysql\data\ibtmp1' size is now 12 MB.
2024-04-08 12:27:12 0 [Note] InnoDB: Waiting for purge to start
2024-04-08 12:27:12 0 [Note] InnoDB: 10.4.32 started; log sequence number 374989; transaction id 500
2024-04-08 12:27:12 0 [Note] InnoDB: Loading buffer pool(s) from C:\Users\TMY\Desktop\sqlplayground\mysql\data\ib_buffer_pool
2024-04-08 12:27:12 0 [Note] Plugin 'FEEDBACK' is disabled.
2024-04-08 12:27:12 0 [Note] Server socket created on IP: '::'.
2024-04-08 18:17:16 0 [Note] Starting MariaDB 10.4.32-MariaDB source revision c4143f909528e3fab0677a28631d10389354c491 as process 15472
2024-04-08 18:17:16 0 [Note] mysqld.exe: Aria engine: starting recovery
recovered pages: 0% 13% 34% 49% 65% 81% 100% (0.0 seconds); tables to flush: 2 1 0
 (0.0 seconds); 
2024-04-08 18:17:16 0 [Note] mysqld.exe: Aria engine: recovery done
2024-04-08 18:17:16 0 [Note] InnoDB: Mutexes and rw_locks use Windows interlocked functions
2024-04-08 18:17:16 0 [Note] InnoDB: Uses event mutexes
2024-04-08 18:17:16 0 [Note] InnoDB: Compressed tables use zlib 1.3
2024-04-08 18:17:16 0 [Note] InnoDB: Number of pools: 1
2024-04-08 18:17:16 0 [Note] InnoDB: Using SSE2 crc32 instructions
2024-04-08 18:17:16 0 [Note] InnoDB: Initializing buffer pool, total size = 16M, instances = 1, chunk size = 16M
2024-04-08 18:17:16 0 [Note] InnoDB: Completed initialization of buffer pool
2024-04-08 18:17:16 0 [Note] InnoDB: Starting crash recovery from checkpoint LSN=476423
2024-04-08 18:17:17 0 [Note] InnoDB: 128 out of 128 rollback segments are active.
2024-04-08 18:17:17 0 [Note] InnoDB: Removed temporary tablespace data file: "ibtmp1"
2024-04-08 18:17:17 0 [Note] InnoDB: Creating shared tablespace for temporary tables
2024-04-08 18:17:17 0 [Note] InnoDB: Setting file 'C:\Users\TMY\Desktop\sqlplayground\mysql\data\ibtmp1' size to 12 MB. Physically writing the file full; Please wait ...
2024-04-08 18:17:17 0 [Note] InnoDB: File 'C:\Users\TMY\Desktop\sqlplayground\mysql\data\ibtmp1' size is now 12 MB.
2024-04-08 18:17:17 0 [Note] InnoDB: Waiting for purge to start
2024-04-08 18:17:17 0 [Note] InnoDB: 10.4.32 started; log sequence number 476432; transaction id 772
2024-04-08 18:17:17 0 [Note] InnoDB: Loading buffer pool(s) from C:\Users\TMY\Desktop\sqlplayground\mysql\data\ib_buffer_pool
2024-04-08 18:17:17 0 [Note] Plugin 'FEEDBACK' is disabled.
2024-04-08 18:17:17 0 [Note] InnoDB: Buffer pool(s) load completed at 240408 18:17:17
2024-04-08 18:17:17 0 [Note] Server socket created on IP: '::'.
2024-04-09 10:44:15 0 [Note] Starting MariaDB 10.4.32-MariaDB source revision c4143f909528e3fab0677a28631d10389354c491 as process 8268
2024-04-09 10:44:15 0 [Note] InnoDB: Mutexes and rw_locks use Windows interlocked functions
2024-04-09 10:44:15 0 [Note] InnoDB: Uses event mutexes
2024-04-09 10:44:15 0 [Note] InnoDB: Compressed tables use zlib 1.3
2024-04-09 10:44:15 0 [Note] InnoDB: Number of pools: 1
2024-04-09 10:44:15 0 [Note] InnoDB: Using SSE2 crc32 instructions
2024-04-09 10:44:15 0 [Note] InnoDB: Initializing buffer pool, total size = 16M, instances = 1, chunk size = 16M
2024-04-09 10:44:15 0 [Note] InnoDB: Completed initialization of buffer pool
2024-04-09 10:44:15 0 [Note] InnoDB: Starting crash recovery from checkpoint LSN=633045
2024-04-09 10:44:16 0 [Note] InnoDB: 128 out of 128 rollback segments are active.
2024-04-09 10:44:16 0 [Note] InnoDB: Removed temporary tablespace data file: "ibtmp1"
2024-04-09 10:44:16 0 [Note] InnoDB: Creating shared tablespace for temporary tables
2024-04-09 10:44:16 0 [Note] InnoDB: Setting file 'C:\Users\TMY\Desktop\sqlplayground\mysql\data\ibtmp1' size to 12 MB. Physically writing the file full; Please wait ...
2024-04-09 10:44:16 0 [Note] InnoDB: File 'C:\Users\TMY\Desktop\sqlplayground\mysql\data\ibtmp1' size is now 12 MB.
2024-04-09 10:44:16 0 [Note] InnoDB: Waiting for purge to start
2024-04-09 10:44:16 0 [Note] InnoDB: 10.4.32 started; log sequence number 633054; transaction id 1296
2024-04-09 10:44:16 0 [Note] InnoDB: Loading buffer pool(s) from C:\Users\TMY\Desktop\sqlplayground\mysql\data\ib_buffer_pool
2024-04-09 10:44:16 0 [Note] Plugin 'FEEDBACK' is disabled.
2024-04-09 10:44:16 0 [Note] InnoDB: Buffer pool(s) load completed at 240409 10:44:16
2024-04-09 10:44:16 0 [Note] Server socket created on IP: '::'.
2024-04-09 13:21:56 0 [Note] Starting MariaDB 10.4.32-MariaDB source revision c4143f909528e3fab0677a28631d10389354c491 as process 19920
2024-04-09 13:21:56 0 [Note] InnoDB: Mutexes and rw_locks use Windows interlocked functions
2024-04-09 13:21:56 0 [Note] InnoDB: Uses event mutexes
2024-04-09 13:21:56 0 [Note] InnoDB: Compressed tables use zlib 1.3
2024-04-09 13:21:56 0 [Note] InnoDB: Number of pools: 1
2024-04-09 13:21:56 0 [Note] InnoDB: Using SSE2 crc32 instructions
2024-04-09 13:21:56 0 [Note] InnoDB: Initializing buffer pool, total size = 16M, instances = 1, chunk size = 16M
2024-04-09 13:21:56 0 [Note] InnoDB: Completed initialization of buffer pool
2024-04-09 13:21:56 0 [Note] InnoDB: Starting crash recovery from checkpoint LSN=633379
2024-04-09 13:21:56 0 [Note] InnoDB: 128 out of 128 rollback segments are active.
2024-04-09 13:21:56 0 [Note] InnoDB: Removed temporary tablespace data file: "ibtmp1"
2024-04-09 13:21:56 0 [Note] InnoDB: Creating shared tablespace for temporary tables
2024-04-09 13:21:56 0 [Note] InnoDB: Setting file 'C:\Users\TMY\Desktop\sqlplayground\mysql\data\ibtmp1' size to 12 MB. Physically writing the file full; Please wait ...
2024-04-09 13:21:56 0 [Note] InnoDB: File 'C:\Users\TMY\Desktop\sqlplayground\mysql\data\ibtmp1' size is now 12 MB.
2024-04-09 13:21:56 0 [Note] InnoDB: Waiting for purge to start
2024-04-09 13:21:56 0 [Note] InnoDB: 10.4.32 started; log sequence number 633388; transaction id 1305
2024-04-09 13:21:56 0 [Note] InnoDB: Loading buffer pool(s) from C:\Users\TMY\Desktop\sqlplayground\mysql\data\ib_buffer_pool
2024-04-09 13:21:56 0 [Note] Plugin 'FEEDBACK' is disabled.
2024-04-09 13:21:56 0 [Note] Server socket created on IP: '::'.
2024-04-09 13:21:56 0 [Note] InnoDB: Buffer pool(s) load compl2024-04-10 11:33:13 0 [Note] Starting MariaDB 10.4.32-MariaDB source revision c4143f909528e3fab0677a28631d10389354c491 as process 20472
2024-04-10 11:33:13 0 [Note] InnoDB: Mutexes and rw_locks use Windows interlocked functions
2024-04-10 11:33:13 0 [Note] InnoDB: Uses event mutexes
2024-04-10 11:33:13 0 [Note] InnoDB: Compressed tables use zlib 1.3
2024-04-10 11:33:13 0 [Note] InnoDB: Number of pools: 1
2024-04-10 11:33:13 0 [Note] InnoDB: Using SSE2 crc32 instructions
2024-04-10 11:33:13 0 [Note] InnoDB: Initializing buffer pool, total size = 16M, instances = 1, chunk size = 16M
2024-04-10 11:33:13 0 [Note] InnoDB: Completed initialization of buffer pool
2024-04-10 11:33:13 0 [Note] InnoDB: Starting crash recovery from checkpoint LSN=653491
2024-04-10 11:33:13 0 [Note] InnoDB: 128 out of 128 rollback segments are active.
2024-04-10 11:33:13 0 [Note] InnoDB: Removed temporary tablespace data file: "ibtmp1"
2024-04-10 11:33:13 0 [Note] InnoDB: Creating shared tablespace for temporary tables
2024-04-10 11:33:13 0 [Note] InnoDB: Setting file 'C:\Users\TMY\Desktop\sqlplayground\mysql\data\ibtmp1' size to 12 MB. Physically writing the file full; Please wait ...
2024-04-10 11:33:13 0 [Note] InnoDB: File 'C:\Users\TMY\Desktop\sqlplayground\mysql\data\ibtmp1' size is now 12 MB.
2024-04-10 11:33:13 0 [Note] InnoDB: Waiting for purge to start
2024-04-10 11:33:13 0 [Note] InnoDB: 10.4.32 started; log sequence number 653500; transaction id 1391
2024-04-10 11:33:13 0 [Note] InnoDB: Loading buffer pool(s) from C:\Users\TMY\Desktop\sqlplayground\mysql\data\ib_buffer_pool
2024-04-10 11:33:13 0 [Note] Plugin 'FEEDBACK' is disabled.
2024-04-10 11:33:13 0 [Note] InnoDB: Buffer pool(s) load completed at 240410 11:33:13
2024-04-10 11:33:14 0 [Note] Server socket created on IP: '::'.
2024-04-11  0:04:13 0 [Note] Starting MariaDB 10.4.32-MariaDB source revision c4143f909528e3fab0677a28631d10389354c491 as process 17068
2024-04-11  0:04:13 0 [Note] InnoDB: Mutexes and rw_locks use Windows interlocked functions
2024-04-11  0:04:13 0 [Note] InnoDB: Uses event mutexes
2024-04-11  0:04:13 0 [Note] InnoDB: Compressed tables use zlib 1.3
2024-04-11  0:04:13 0 [Note] InnoDB: Number of pools: 1
2024-04-11  0:04:13 0 [Note] InnoDB: Using SSE2 crc32 instructions
2024-04-11  0:04:13 0 [Note] InnoDB: Initializing buffer pool, total size = 16M, instances = 1, chunk size = 16M
2024-04-11  0:04:13 0 [Note] InnoDB: Completed initialization of buffer pool
2024-04-11  0:04:13 0 [Note] InnoDB: Starting crash recovery from checkpoint LSN=656429
2024-04-11  0:04:13 0 [Note] InnoDB: 128 out of 128 rollback segments are active.
2024-04-11  0:04:13 0 [Note] InnoDB: Removed temporary tablespace data file: "ibtmp1"
2024-04-11  0:04:13 0 [Note] InnoDB: Creating shared tablespace for temporary tables
2024-04-11  0:04:13 0 [Note] InnoDB: Setting file 'C:\Users\TMY\Desktop\sqlplayground\mysql\data\ibtmp1' size to 12 MB. Physically writing the file full; Please wait ...
2024-04-11  0:04:13 0 [Note] InnoDB: File 'C:\Users\TMY\Desktop\sqlplayground\mysql\data\ibtmp1' size is now 12 MB.
2024-04-11  0:04:13 0 [Note] InnoDB: Waiting for purge to start
2024-04-11  0:04:13 0 [Note] InnoDB: 10.4.32 started; log sequence number 656438; transaction id 1423
2024-04-11  0:04:13 0 [Note] InnoDB: Loading buffer pool(s) from C:\Users\TMY\Desktop\sqlplayground\mysql\data\ib_buffer_pool
2024-04-11  0:04:13 0 [Note] Plugin 'FEEDBACK' is disabled.
2024-04-11  0:04:13 0 [Note] InnoDB: Buffer pool(s) load completed at 240411  0:04:13
2024-04-11  0:04:13 0 [Note] Server socket created on IP: '::'.
2024-04-12  8:22:43 0 [Note] Starting MariaDB 10.4.32-MariaDB source revision c4143f909528e3fab0677a28631d10389354c491 as process 3328
2024-04-12  8:22:43 0 [Note] mysqld.exe: Aria engine: starting recovery
tables to flush: 2 1 0
 (0.0 seconds); 
2024-04-12  8:22:43 0 [Note] mysqld.exe: Aria engine: recovery done
2024-04-12  8:22:43 0 [Note] InnoDB: Mutexes and rw_locks use Windows interlocked functions
2024-04-12  8:22:43 0 [Note] InnoDB: Uses event mutexes
2024-04-12  8:22:43 0 [Note] InnoDB: Compressed tables use zlib 1.3
2024-04-12  8:22:43 0 [Note] InnoDB: Number of pools: 1
2024-04-12  8:22:43 0 [Note] InnoDB: Using SSE2 crc32 instructions
2024-04-12  8:22:43 0 [Note] InnoDB: Initializing buffer pool, total size = 16M, instances = 1, chunk size = 16M
2024-04-12  8:22:43 0 [Note] InnoDB: Completed initialization of buffer pool
2024-04-12  8:22:43 0 [Note] InnoDB: Starting crash recovery from checkpoint LSN=1152861
2024-04-12  8:22:44 0 [Note] InnoDB: 128 out of 128 rollback segments are active.
2024-04-12  8:22:44 0 [Note] InnoDB: Removed temporary tablespace data file: "ibtmp1"
2024-04-12  8:22:44 0 [Note] InnoDB: Creating shared tablespace for temporary tables
2024-04-12  8:22:44 0 [Note] InnoDB: Setting file 'C:\Users\TMY\Desktop\sqlplayground\mysql\data\ibtmp1' size to 12 MB. Physically writing the file full; Please wait ...
2024-04-12  8:22:44 0 [Note] InnoDB: File 'C:\Users\TMY\Desktop\sqlplayground\mysql\data\ibtmp1' size is now 12 MB.
2024-04-12  8:22:44 0 [Note] InnoDB: Waiting for purge to start
2024-04-12  8:22:44 0 [Note] InnoDB: 10.4.32 started; log sequence number 1152870; transaction id 2688
2024-04-12  8:22:44 0 [Note] InnoDB: Loading buffer pool(s) from C:\Users\TMY\Desktop\sqlplayground\mysql\data\ib_buffer_pool
2024-04-12  8:22:44 0 [Note] Plugin 'FEEDBACK' is disabled.
2024-04-12  8:22:44 0 [Note] InnoDB: Buffer pool(s) load completed at 240412  8:22:44
2024-04-12  8:22:44 0 [Note] Server socket created on IP: '::'.
2024-04-13 18:30:19 0 [Note] Starting MariaDB 10.4.32-MariaDB source revision c4143f909528e3fab0677a28631d10389354c491 as process 17256
2024-04-13 18:30:19 0 [Note] mysqld.exe: Aria engine: starting recovery
recovered pages: 0% 27% 40% 60% 79% 92% 100% (0.0 seconds); tables to flush: 2 1 0
 (0.0 seconds); 
2024-04-13 18:30:19 0 [Note] mysqld.exe: Aria engine: recovery done
2024-04-13 18:30:19 0 [Note] InnoDB: Mutexes and rw_locks use Windows interlocked functions
2024-04-13 18:30:19 0 [Note] InnoDB: Uses event mutexes
2024-04-13 18:30:19 0 [Note] InnoDB: Compressed tables use zlib 1.3
2024-04-13 18:30:19 0 [Note] InnoDB: Number of pools: 1
2024-04-13 18:30:19 0 [Note] InnoDB: Using SSE2 crc32 instructions
2024-04-13 18:30:19 0 [Note] InnoDB: Initializing buffer pool, total size = 16M, instances = 1, chunk size = 16M
2024-04-13 18:30:19 0 [Note] InnoDB: Completed initialization of buffer pool
2024-04-13 18:30:19 0 [Note] InnoDB: Starting crash recovery from checkpoint LSN=1299531
2024-04-13 18:30:20 0 [Note] InnoDB: 128 out of 128 rollback segments are active.
2024-04-13 18:30:20 0 [Note] InnoDB: Removed temporary tablespace data file: "ibtmp1"
2024-04-13 18:30:20 0 [Note] InnoDB: Creating shared tablespace for temporary tables
2024-04-13 18:30:20 0 [Note] InnoDB: Setting file 'C:\Users\TMY\Desktop\sqlplayground\mysql\data\ibtmp1' size to 12 MB. Physically writing the file full; Please wait ...
2024-04-13 18:30:20 0 [Note] InnoDB: File 'C:\Users\TMY\Desktop\sqlplayground\mysql\data\ibtmp1' size is now 12 MB.
2024-04-13 18:30:20 0 [Note] InnoDB: Waiting for purge to start
2024-04-13 18:30:20 0 [Note] InnoDB: 10.4.32 started; log sequence number 1299540; transaction id 2891
2024-04-13 18:30:20 0 [Note] InnoDB: Loading buffer pool(s) from C:\Users\TMY\Desktop\sqlplayground\mysql\data\ib_buffer_pool
2024-04-13 18:30:20 0 [Note] Plugin 'FEEDBACK' is disabled.
2024-04-13 18:30:20 0 [Note] InnoDB: Buffer pool(s) load completed at 240413 18:30:20
2024-04-13 18:30:20 0 [Note] Server socket created on IP: '::'.
2024-04-14  0:20:15 0 [Note] Starting MariaDB 10.4.32-MariaDB source revision c4143f909528e3fab0677a28631d10389354c491 as process 5244
2024-04-14  0:20:15 0 [Note] InnoDB: Mutexes and rw_locks use Windows interlocked functions
2024-04-14  0:20:15 0 [Note] InnoDB: Uses event mutexes
2024-04-14  0:20:15 0 [Note] InnoDB: Compressed tables use zlib 1.3
2024-04-14  0:20:15 0 [Note] InnoDB: Number of pools: 1
2024-04-14  0:20:15 0 [Note] InnoDB: Using SSE2 crc32 instructions
2024-04-14  0:20:15 0 [Note] InnoDB: Initializing buffer pool, total size = 16M, instances = 1, chunk size = 16M
2024-04-14  0:20:15 0 [Note] InnoDB: Completed initialization of buffer pool
2024-04-14  0:20:15 0 [Note] InnoDB: Starting crash recovery from checkpoint LSN=1310803
2024-04-14  0:20:15 0 [Note] InnoDB: 128 out of 128 rollback segments are active.
2024-04-14  0:20:15 0 [Note] InnoDB: Removed temporary tablespace data file: "ibtmp1"
2024-04-14  0:20:15 0 [Note] InnoDB: Creating shared tablespace for temporary tables
2024-04-14  0:20:15 0 [Note] InnoDB: Setting file 'C:\Users\TMY\Desktop\sqlplayground\mysql\data\ibtmp1' size to 12 MB. Physically writing the file full; Please wait ...
2024-04-14  0:20:15 0 [Note] InnoDB: File 'C:\Users\TMY\Desktop\sqlplayground\mysql\data\ibtmp1' size is now 12 MB.
2024-04-14  0:20:15 0 [Note] InnoDB: Waiting for purge to start
2024-04-14  0:20:15 0 [Note] InnoDB: 10.4.32 started; log sequence number 1310812; transaction id 2946
2024-04-14  0:20:15 0 [Note] InnoDB: Loading buffer pool(s) from C:\Users\TMY\Desktop\sqlplayground\mysql\data\ib_buffer_pool
2024-04-14  0:20:15 0 [Note] Plugin 'FEEDBACK' is disabled.
2024-04-14  0:20:15 0 [Note] Server socket created on IP: '::'.
2024-04-14  0:20:12024-04-14  1:39:40 0 [Note] Starting MariaDB 10.4.32-MariaDB source revision c4143f909528e3fab0677a28631d10389354c491 as process 17352
2024-04-14  1:39:40 0 [Note] InnoDB: Mutexes and rw_locks use Windows interlocked functions
2024-04-14  1:39:40 0 [Note] InnoDB: Uses event mutexes
2024-04-14  1:39:40 0 [Note] InnoDB: Compressed tables use zlib 1.3
2024-04-14  1:39:40 0 [Note] InnoDB: Number of pools: 1
2024-04-14  1:39:40 0 [Note] InnoDB: Using SSE2 crc32 instructions
2024-04-14  1:39:40 0 [Note] InnoDB: Initializing buffer pool, total size = 16M, instances = 1, chunk size = 16M
2024-04-14  1:39:40 0 [Note] InnoDB: Completed initialization of buffer pool
2024-04-14  1:39:40 0 [Note] InnoDB: Starting crash recovery from checkpoint LSN=1310821
2024-04-14  1:39:40 0 [Note] InnoDB: 128 out of 128 rollback segments are active.
2024-04-14  1:39:40 0 [Note] InnoDB: Removed temporary tablespace data file: "ibtmp1"
2024-04-14  1:39:40 0 [Note] InnoDB: Creating shared tablespace for temporary tables
2024-04-14  1:39:40 0 [Note] InnoDB: Setting file 'C:\Users\TMY\Desktop\sqlplayground\mysql\data\ibtmp1' size to 12 MB. Physically writing the file full; Please wait ...
2024-04-14  1:39:40 0 [Note] InnoDB: File 'C:\Users\TMY\Desktop\sqlplayground\mysql\data\ibtmp1' size is now 12 MB.
2024-04-14  1:39:40 0 [Note] InnoDB: Waiting for purge to start
2024-04-14  1:39:40 0 [Note] InnoDB: 10.4.32 started; log sequence number 1310830; transaction id 2946
2024-04-14  1:39:40 0 [Note] Plugin 'FEEDBACK' is disabled.
2024-04-14  1:39:40 0 [Note] InnoDB: Loading buffer pool(s) from C:\Users\TMY\Desktop\sqlplayground\mysql\data\ib_buffer_pool
2024-04-14  1:39:40 0 [Note] InnoDB: Buffer pool(s) load completed at 240414  1:39:40
2024-04-14  1:39:40 0 [Note] Server socket created on IP: '::'.
2024-04-15 17:40:22 0 [Note] Starting MariaDB 10.4.32-MariaDB source revision c4143f909528e3fab0677a28631d10389354c491 as process 9332
2024-04-15 17:40:22 0 [Note] InnoDB: Mutexes and rw_locks use Windows interlocked functions
2024-04-15 17:40:22 0 [Note] InnoDB: Uses event mutexes
2024-04-15 17:40:22 0 [Note] InnoDB: Compressed tables use zlib 1.3
2024-04-15 17:40:22 0 [Note] InnoDB: Number of pools: 1
2024-04-15 17:40:22 0 [Note] InnoDB: Using SSE2 crc32 instructions
2024-04-15 17:40:22 0 [Note] InnoDB: Initializing buffer pool, total size = 16M, instances = 1, chunk size = 16M
2024-04-15 17:40:22 0 [Note] InnoDB: Completed initialization of buffer pool
2024-04-15 17:40:22 0 [Note] InnoDB: Starting crash recovery from checkpoint LSN=1312375
2024-04-15 17:40:22 0 [Note] InnoDB: 128 out of 128 rollback segments are active.
2024-04-15 17:40:22 0 [Note] InnoDB: Removed temporary tablespace data file: "ibtmp1"
2024-04-15 17:40:22 0 [Note] InnoDB: Creating shared tablespace for temporary tables
2024-04-15 17:40:22 0 [Note] InnoDB: Setting file 'C:\Users\TMY\Desktop\sqlplayground\mysql\data\ibtmp1' size to 12 MB. Physically writing the file full; Please wait ...
2024-04-15 17:40:22 0 [Note] InnoDB: File 'C:\Users\TMY\Desktop\sqlplayground\mysql\data\ibtmp1' size is now 12 MB.
2024-04-15 17:40:22 0 [Note] InnoDB: Waiting for purge to start
2024-04-15 17:40:22 0 [Note] InnoDB: 10.4.32 started; log sequence number 1312384; transaction id 2994
2024-04-15 17:40:22 0 [Note] InnoDB: Loading buffer pool(s) from C:\Users\TMY\Desktop\sqlplayground\mysql\data\ib_buffer_pool
2024-04-15 17:40:22 0 [Note] Plugin 'FEEDBACK' is disabled.
2024-04-15 17:40:22 0 [Note] InnoDB: Buffer pool(s) load completed at 240415 17:40:22
2024-04-15 17:40:22 0 [Note] Server socket created on IP: '::'.
2024-04-18 17:23:29 0 [Note] Starting MariaDB 10.4.32-MariaDB source revision c4143f909528e3fab0677a28631d10389354c491 as process 6984
2024-04-18 17:23:29 0 [Note] InnoDB: Mutexes and rw_locks use Windows interlocked functions
2024-04-18 17:23:29 0 [Note] InnoDB: Uses event mutexes
2024-04-18 17:23:29 0 [Note] InnoDB: Compressed tables use zlib 1.3
2024-04-18 17:23:29 0 [Note] InnoDB: Number of pools: 1
2024-04-18 17:23:29 0 [Note] InnoDB: Using SSE2 crc32 instructions
2024-04-18 17:23:29 0 [Note] InnoDB: Initializing buffer pool, total size = 16M, instances = 1, chunk size = 16M
2024-04-18 17:23:29 0 [Note] InnoDB: Completed initialization of buffer pool
2024-04-18 17:23:29 0 [Note] InnoDB: Starting crash recovery from checkpoint LSN=1319896
2024-04-18 17:23:29 0 [Note] InnoDB: 128 out of 128 rollback segments are active.
2024-04-18 17:23:29 0 [Note] InnoDB: Removed temporary tablespace data file: "ibtmp1"
2024-04-18 17:23:29 0 [Note] InnoDB: Creating shared tablespace for temporary tables
2024-04-18 17:23:29 0 [Note] InnoDB: Setting file 'C:\Users\TMY\Desktop\sqlplayground\mysql\data\ibtmp1' size to 12 MB. Physically writing the file full; Please wait ...
2024-04-18 17:23:29 0 [Note] InnoDB: File 'C:\Users\TMY\Desktop\sqlplayground\mysql\data\ibtmp1' size is now 12 MB.
2024-04-18 17:23:29 0 [Note] InnoDB: Waiting for purge to start
2024-04-18 17:23:29 0 [Note] InnoDB: 10.4.32 started; log sequence number 1319905; transaction id 3041
2024-04-18 17:23:29 0 [Note] Plugin 'FEEDBACK' is disabled.
2024-04-18 17:23:29 0 [Note] InnoDB: Loading buffer pool(s) from C:\Users\TMY\Desktop\sqlplayground\mysql\data\ib_buffer_pool
2024-04-18 17:23:29 0 [Note] InnoDB: Buffer pool(s) load completed at 240418 17:23:29
2024-04-18 17:23:29 0 [Note] Server socket created on IP: '::'.
2024-04-20  0:41:34 0 [Note] Starting MariaDB 10.4.32-MariaDB source revision c4143f909528e3fab0677a28631d10389354c491 as process 20272
2024-04-20  0:41:34 0 [Note] mysqld.exe: Aria engine: starting recovery
recovered pages: 0% 20% 34% 54% 74% 87% 100% (0.0 seconds); tables to flush: 2 1 0
 (0.0 seconds); 
2024-04-20  0:41:34 0 [Note] mysqld.exe: Aria engine: recovery done
2024-04-20  0:41:34 0 [Note] InnoDB: Mutexes and rw_locks use Windows interlocked functions
2024-04-20  0:41:34 0 [Note] InnoDB: Uses event mutexes
2024-04-20  0:41:34 0 [Note] InnoDB: Compressed tables use zlib 1.3
2024-04-20  0:41:34 0 [Note] InnoDB: Number of pools: 1
2024-04-20  0:41:34 0 [Note] InnoDB: Using SSE2 crc32 instructions
2024-04-20  0:41:34 0 [Note] InnoDB: Initializing buffer pool, total size = 16M, instances = 1, chunk size = 16M
2024-04-20  0:41:34 0 [Note] InnoDB: Completed initialization of buffer pool
2024-04-20  0:41:34 0 [Note] InnoDB: Starting crash recovery from checkpoint LSN=1324443
2024-04-20  0:41:35 0 [Note] InnoDB: 128 out of 128 rollback segments are active.
2024-04-20  0:41:35 0 [Note] InnoDB: Removed temporary tablespace data file: "ibtmp1"
2024-04-20  0:41:35 0 [Note] InnoDB: Creating shared tablespace for temporary tables
2024-04-20  0:41:35 0 [Note] InnoDB: Setting file 'C:\Users\TMY\Desktop\sqlplayground\mysql\data\ibtmp1' size to 12 MB. Physically writing the file full; Please wait ...
2024-04-20  0:41:35 0 [Note] InnoDB: File 'C:\Users\TMY\Desktop\sqlplayground\mysql\data\ibtmp1' size is now 12 MB.
2024-04-20  0:41:35 0 [Note] InnoDB: Waiting for purge to start
2024-04-20  0:41:35 0 [Note] InnoDB: 10.4.32 started; log sequence number 1324452; transaction id 3087
2024-04-20  0:41:35 0 [Note] InnoDB: Loading buffer pool(s) from C:\Users\TMY\Desktop\sqlplayground\mysql\data\ib_buffer_pool
2024-04-20  0:41:35 0 [Note] Plugin 'FEEDBACK' is disabled.
2024-04-20  0:41:35 0 [Note] InnoDB: Buffer pool(s) load completed at 240420  0:41:35
2024-04-20  0:41:35 0 [Note] Server socket created on IP: '::'.
2024-04-20  6:58:33 0 [Note] Starting MariaDB 10.4.32-MariaDB source revision c4143f909528e3fab0677a28631d10389354c491 as process 9228
2024-04-20  6:58:33 0 [Note] mysqld.exe: Aria engine: starting recovery
recovered pages: 0% 13% 34% 50% 65% 81% 100% (0.0 seconds); tables to flush: 2 1 0
 (0.0 seconds); 
2024-04-20  6:58:33 0 [Note] mysqld.exe: Aria engine: recovery done
2024-04-20  6:58:33 0 [Note] InnoDB: Mutexes and rw_locks use Windows interlocked functions
2024-04-20  6:58:33 0 [Note] InnoDB: Uses event mutexes
2024-04-20  6:58:33 0 [Note] InnoDB: Compressed tables use zlib 1.3
2024-04-20  6:58:33 0 [Note] InnoDB: Number of pools: 1
2024-04-20  6:58:33 0 [Note] InnoDB: Using SSE2 crc32 instructions
2024-04-20  6:58:33 0 [Note] InnoDB: Initializing buffer pool, total size = 16M, instances = 1, chunk size = 16M
2024-04-20  6:58:33 0 [Note] InnoDB: Completed initialization of buffer pool
2024-04-20  6:58:33 0 [Note] InnoDB: Starting crash recovery from checkpoint LSN=1966173
2024-04-20  6:58:33 0 [Note] InnoDB: 128 out of 128 rollback segments are active.
2024-04-20  6:58:33 0 [Note] InnoDB: Removed temporary tablespace data file: "ibtmp1"
2024-04-20  6:58:33 0 [Note] InnoDB: Creating shared tablespace for temporary tables
2024-04-20  6:58:33 0 [Note] InnoDB: Setting file 'C:\Users\TMY\Desktop\sqlplayground\mysql\data\ibtmp1' size to 12 MB. Physically writing the file full; Please wait ...
2024-04-20  6:58:33 0 [Note] InnoDB: File 'C:\Users\TMY\Desktop\sqlplayground\mysql\data\ibtmp1' size is now 12 MB.
2024-04-20  6:58:33 0 [Note] InnoDB: Waiting for purge to start
2024-04-20  6:58:34 0 [Note] InnoDB: 10.4.32 started; log sequence number 1966182; transaction id 3700
2024-04-20  6:58:34 0 [Note] Plugin 'FEEDBACK' is disabled.
2024-04-20  6:58:34 0 [Note] InnoDB: Loading buffer pool(s) from C:\Users\TMY\Desktop\sqlplayground\mysql\data\ib_buffer_pool
2024-04-20  6:58:34 0 [Note] InnoDB: Buffer pool(s) load completed at 240420  6:58:34
2024-04-20  6:58:34 0 [Note] Server socket created on IP: '::'.
2024-04-21  4:08:48 0 [Note] Starting MariaDB 10.4.32-MariaDB source revision c4143f909528e3fab0677a28631d10389354c491 as process 9360
2024-04-21  4:08:48 0 [Note] mysqld.exe: Aria engine: starting recovery
recovered pages: 0% 12% 50% 73% 85% 100% (0.0 seconds); tables to flush: 2 1 0
 (0.0 seconds); 
2024-04-21  4:08:48 0 [Note] mysqld.exe: Aria engine: recovery done
2024-04-21  4:08:48 0 [Note] InnoDB: Mutexes and rw_locks use Windows interlocked functions
2024-04-21  4:08:48 0 [Note] InnoDB: Uses event mutexes
2024-04-21  4:08:48 0 [Note] InnoDB: Compressed tables use zlib 1.3
2024-04-21  4:08:48 0 [Note] InnoDB: Number of pools: 1
2024-04-21  4:08:48 0 [Note] InnoDB: Using SSE2 crc32 instructions
2024-04-21  4:08:48 0 [Note] InnoDB: Initializing buffer pool, total size = 16M, instances = 1, chunk size = 16M
2024-04-21  4:08:48 0 [Note] InnoDB: Completed initialization of buffer pool
2024-04-21  4:08:48 0 [Note] InnoDB: Starting crash recovery from checkpoint LSN=2315173
2024-04-21  4:08:48 0 [Note] InnoDB: 128 out of 128 rollback segments are active.
2024-04-21  4:08:48 0 [Note] InnoDB: Removed temporary tablespace data file: "ibtmp1"
2024-04-21  4:08:48 0 [Note] InnoDB: Creating shared tablespace for temporary tables
2024-04-21  4:08:48 0 [Note] InnoDB: Setting file 'C:\Users\TMY\Desktop\sqlplayground\mysql\data\ibtmp1' size to 12 MB. Physically writing the file full; Please wait ...
2024-04-21  4:08:48 0 [Note] InnoDB: File 'C:\Users\TMY\Desktop\sqlplayground\mysql\data\ibtmp1' size is now 12 MB.
2024-04-21  4:08:48 0 [Note] InnoDB: Waiting for purge to start
2024-04-21  4:08:48 0 [Note] InnoDB: 10.4.32 started; log sequence number 2315182; transaction id 4409
2024-04-21  4:08:48 0 [Note] InnoDB: Loading buffer pool(s) from C:\Users\TMY\Desktop\sqlplayground\mysql\data\ib_buffer_pool
2024-04-21  4:08:48 0 [Note] Plugin 'FEEDBACK' is disabled.
2024-04-21  4:08:48 0 [Note] InnoDB: Buffer pool(s) load completed at 240421  4:08:48
2024-04-21  4:08:48 0 [Note] Server socket created on IP: '::'.
2024-04-21 18:28:22 0 [Note] Starting MariaDB 10.4.32-MariaDB source revision c4143f909528e3fab0677a28631d10389354c491 as process 13316
2024-04-21 18:28:22 0 [Note] mysqld.exe: Aria engine: starting recovery
tables to flush: 2 1 0
 (0.0 seconds); 
2024-04-21 18:28:22 0 [Note] mysqld.exe: Aria engine: recovery done
2024-04-21 18:28:22 0 [Note] InnoDB: Mutexes and rw_locks use Windows interlocked functions
2024-04-21 18:28:22 0 [Note] InnoDB: Uses event mutexes
2024-04-21 18:28:22 0 [Note] InnoDB: Compressed tables use zlib 1.3
2024-04-21 18:28:22 0 [Note] InnoDB: Number of pools: 1
2024-04-21 18:28:22 0 [Note] InnoDB: Using SSE2 crc32 instructions
2024-04-21 18:28:22 0 [Note] InnoDB: Initializing buffer pool, total size = 16M, instances = 1, chunk size = 16M
2024-04-21 18:28:22 0 [Note] InnoDB: Completed initialization of buffer pool
2024-04-21 18:28:22 0 [Note] InnoDB: The log sequence number 139827 in the system tablespace does not match the log sequence number 2646028 in the ib_logfiles!
2024-04-21 18:28:22 0 [Note] InnoDB: 128 out of 128 rollback segments are active.
2024-04-21 18:28:22 0 [Note] InnoDB: Removed temporary tablespace data file: "ibtmp1"
2024-04-21 18:28:22 0 [Note] InnoDB: Creating shared tablespace for temporary tables
2024-04-21 18:28:22 0 [Note] InnoDB: Setting file 'C:\xampp\mysql\data\ibtmp1' size to 12 MB. Physically writing the file full; Please wait ...
2024-04-21 18:28:22 0 [Note] InnoDB: File 'C:\xampp\mysql\data\ibtmp1' size is now 12 MB.
2024-04-21 18:28:22 0 [Note] InnoDB: Waiting for purge to start
2024-04-21 18:28:22 0 [Note] InnoDB: 10.4.32 started; log sequence number 2646028; transaction id 5184
2024-04-21 18:28:22 0 [Note] InnoDB: Loading buffer pool(s) from C:\xampp\mysql\data\ib_buffer_pool
2024-04-21 18:28:22 0 [Note] Plugin 'FEEDBACK' is disabled.
2024-04-21 18:28:22 0 [Note] Server socket created on IP: '::'.
